<?xml version="1.0" encoding="UTF-8"?>
<testng-results skipped="0" failed="0" total="3" passed="3">
  <reporter-output>
  </reporter-output>
  <suite name="Default suite" duration-ms="11419" started-at="2020-06-12T03:58:57Z" finished-at="2020-06-12T03:59:08Z">
    <groups>
    </groups>
    <test name="Default test" duration-ms="11419" started-at="2020-06-12T03:58:57Z" finished-at="2020-06-12T03:59:08Z">
      <class name="end2end.end2end">
        <test-method status="PASS" signature="testing(java.lang.String)[pri:0, instance:end2end.end2end@2ff4f00f]" name="testing" duration-ms="5502" started-at="2020-06-12T11:58:57Z" data-provider="Booksdata" finished-at="2020-06-12T11:59:02Z">
          <params>
            <param index="0">
              <value>
                <![CDATA[LA]]>
              </value>
            </param>
          </params>
          <reporter-output>
          </reporter-output>
        </test-method> <!-- testing -->
        <test-method status="PASS" signature="testing(java.lang.String)[pri:0, instance:end2end.end2end@2ff4f00f]" name="testing" duration-ms="2900" started-at="2020-06-12T11:59:02Z" data-provider="Booksdata" finished-at="2020-06-12T11:59:05Z">
          <params>
            <param index="0">
              <value>
                <![CDATA[London]]>
              </value>
            </param>
          </params>
          <reporter-output>
          </reporter-output>
        </test-method> <!-- testing -->
        <test-method status="PASS" signature="testing(java.lang.String)[pri:0, instance:end2end.end2end@2ff4f00f]" name="testing" duration-ms="3002" started-at="2020-06-12T11:59:05Z" data-provider="Booksdata" finished-at="2020-06-12T11:59:08Z">
          <params>
            <param index="0">
              <value>
                <![CDATA[Singapore]]>
              </value>
            </param>
          </params>
          <reporter-output>
          </reporter-output>
        </test-method> <!-- testing -->
      </class> <!-- end2end.end2end -->
    </test> <!-- Default test -->
  </suite> <!-- Default suite -->
</testng-results>
