<?xml version="1.0" encoding="UTF-8"?>
<testng-results skipped="0" failed="0" total="1" passed="1">
  <reporter-output>
  </reporter-output>
  <suite name="Default suite" duration-ms="2712" started-at="2020-08-17T10:49:14Z" finished-at="2020-08-17T10:49:17Z">
    <groups>
    </groups>
    <test name="Default test" duration-ms="2712" started-at="2020-08-17T10:49:14Z" finished-at="2020-08-17T10:49:17Z">
      <class name="cbre.Login_Success">
        <test-method status="PASS" signature="testing()[pri:0, instance:cbre.Login_Success@19bb089b]" name="testing" duration-ms="2700" started-at="2020-08-17T18:49:14Z" finished-at="2020-08-17T18:49:17Z">
          <reporter-output>
          </reporter-output>
        </test-method> <!-- testing -->
      </class> <!-- cbre.Login_Success -->
    </test> <!-- Default test -->
  </suite> <!-- Default suite -->
</testng-results>
